<?xml version="1.0" encoding="utf-8"?><testsuites name="pytest tests"><testsuite name="pytest" errors="0" failures="0" skipped="0" tests="13" time="5.936" timestamp="2026-02-02T19:21:42.915987+00:00" hostname="agent-env-e218ff30-fbc1-4c20-8ad8-96ed8d76e279"><testcase classname="backend.tests.test_password_features.TestHealthCheck" name="test_api_health" time="0.076" /><testcase classname="backend.tests.test_password_features.TestPasswordChange" name="test_login_owner" time="0.264" /><testcase classname="backend.tests.test_password_features.TestPasswordChange" name="test_change_password_wrong_current" time="0.530" /><testcase classname="backend.tests.test_password_features.TestPasswordChange" name="test_change_password_short_new" time="0.542" /><testcase classname="backend.tests.test_password_features.TestPasswordChange" name="test_change_password_success" time="2.083" /><testcase classname="backend.tests.test_password_features.TestPasswordRecoveryRequest" name="test_request_recovery_existing_email" time="0.048" /><testcase classname="backend.tests.test_password_features.TestPasswordRecoveryRequest" name="test_request_recovery_nonexistent_email" time="0.041" /><testcase classname="backend.tests.test_password_features.TestAdminRecoveryRequests" name="test_admin_can_see_recovery_requests" time="0.302" /><testcase classname="backend.tests.test_password_features.TestAdminRecoveryRequests" name="test_non_admin_cannot_see_recovery_requests" time="0.036" /><testcase classname="backend.tests.test_password_features.TestPasswordResetWithCode" name="test_reset_with_invalid_code" time="0.044" /><testcase classname="backend.tests.test_password_features.TestPasswordResetWithCode" name="test_reset_with_short_password" time="0.038" /><testcase classname="backend.tests.test_password_features.TestPasswordResetWithCode" name="test_full_recovery_flow" time="1.449" /><testcase classname="backend.tests.test_password_features.TestDeleteRecoveryRequest" name="test_admin_can_delete_recovery_request" time="0.343" /></testsuite></testsuites>